<html>
<body>
<pre>
<h1>µVision Build Log</h1>
<h2>Tool Versions:</h2>
IDE-Version: ¦ÌVision V5.23.0.0
Copyright (C) 2017 ARM Ltd and ARM Germany GmbH. All rights reserved.
License Information: t yons, t, LIC=MPP56-D6PXD-HJ96M-XQPV9-UTX5A-EW3DX
 
Tool Versions:
Toolchain:       MDK-ARM Plus  Version: 5.23
Toolchain Path:  C:\Keil_v5\ARM\ARMCC\Bin
C Compiler:      Armcc.exe V5.06 update 4 (build 422)
Assembler:       Armasm.exe V5.06 update 4 (build 422)
Linker/Locator:  ArmLink.exe V5.06 update 4 (build 422)
Library Manager: ArmAr.exe V5.06 update 4 (build 422)
Hex Converter:   FromElf.exe V5.06 update 4 (build 422)
CPU DLL:         
Dialog DLL:      
Target DLL:      Segger\JL2CM3.dll V2.99.23.0
Dialog DLL:      TCM.DLL V1.27.0.0
 
<h2>Project:</h2>
D:\prj\04_NRF52832\sdk\nRF5_SDK_15.0.0_a53641a\examples\ble_peripheral\tutorial_ble_app_uart.noAdc\pca10040e\s112\arm5_no_packs\ble_app_uart_pca10040e_s112.uvprojx
Project File Date:  03/19/2019

<h2>Output:</h2>
*** Using Compiler 'V5.06 update 4 (build 422)', folder: 'C:\Keil_v5\ARM\ARMCC\Bin'
Build target 'nrf52810_xxaa'
compiling ble_srv_common.c...
compiling ble_link_ctx_manager.c...
compiling ble_conn_params.c...
compiling boards.c...
compiling ble_advdata.c...
compiling nrf_ble_gatt.c...
compiling ble_advertising.c...
compiling bsp.c...
compiling ble_conn_state.c...
compiling bsp_btn_ble.c...
compiling main.c...
..\..\..\main.c(54): error:  #20: identifier "NRF_DRV_SPI_INSTANCE_0" is undefined
  static const nrf_drv_spi_t Spi0 = 
RF_DRV_SPI_INSTANCE(SPI_INSTANCE);  /**< SPI instance 0. */
..\..\..\main.c(149): warning:  #188-D: enumerated type mixed with another type
  	spi_config.mode = 
RF_SPI_MODE_1;
..\..\..\main.c(299): warning:  #111-D: statement is unreachable
  	  length = m_ble_nus_max_data_len;
..\..\..\main.c(516): error:  #20: identifier "BLE_GAP_EVT_DATA_LENGTH_UPDATE_REQUEST" is undefined
          case BLE_GAP_EVT_DATA_LENGTH_UPDATE_REQUEST:
..\..\..\main.c(519): error:  #20: identifier "ble_gap_data_length_params_t" is undefined
              ble_gap_data_length_params_t dle_param;
..\..\..\main.c(520): error:  #20: identifier "ble_gap_data_length_params_t" is undefined
  	        memset(&dle_param, 0, sizeof(ble_gap_data_length_params_t));   //0 means auto select DLE					  
..\..\..\main.c(521): warning:  #223-D: function "sd_ble_gap_data_length_update" declared implicitly
              err_code = sd_ble_gap_data_length_update(p_ble_evt->evt.gap_evt.conn_handle, &dle_param, NULL);
..\..\..\main.c(625): warning:  #40-D: expected an identifier
  #ifdef 0	
..\..\..\main.c(682): warning:  #177-D: variable "tx"  was declared but never referenced
  	uint8_t tx[20]={0xa5,0xa5,0xa5,0xa5,0xa5};
..\..\..\main.c(942): warning:  #177-D: variable "j"  was declared but never referenced
  	uint32_t i,j;
..\..\..\main.c(57): warning:  #177-D: variable "g_save"  was declared but never referenced
  static uint8_t g_save[2000*6*3] = {0};
..\..\..\main.c: 7 warnings, 4 errors
compiling nrf_ble_qwr.c...
compiling ble_nus.c...
compiling nrfx_prs.c...
compiling nrfx_power_clock.c...
compiling nrf_drv_uart.c...
compiling app_button.c...
compiling nrf_drv_clock.c...
compiling nrfx_clock.c...
compiling nrfx_uarte.c...
compiling nrfx_gpiote.c...
compiling app_error.c...
compiling app_util_platform.c...
compiling app_fifo.c...
compiling app_error_handler_keil.c...
compiling hardfault_implementation.c...
compiling nrf_assert.c...
compiling nrf_atfifo.c...
compiling app_scheduler.c...
compiling app_error_weak.c...
compiling app_uart_fifo.c...
compiling app_timer.c...
compiling nrf_fprintf.c...
compiling nrf_atomic.c...
compiling nrf_fprintf_format.c...
compiling nrf_atflags.c...
compiling nrf_fstorage.c...
compiling nrf_fstorage_sd.c...
compiling nrf_strerror.c...
compiling nrf_section_iter.c...
compiling nrf_balloc.c...
compiling nrf_memobj.c...
compiling SEGGER_RTT_Syscalls_KEIL.c...
compiling nrf_pwr_mgmt.c...
compiling retarget.c...
compiling nrf_log_backend_serial.c...
compiling SEGGER_RTT.c...
compiling nrf_log_default_backends.c...
compiling SEGGER_RTT_printf.c...
compiling nrf_log_str_formatter.c...
assembling arm_startup_nrf52810.s...
compiling nrf_sdh.c...
compiling nrf_sdh_ble.c...
compiling nrf_log_frontend.c...
compiling nrf_log_backend_rtt.c...
compiling nrf_sdh_soc.c...
compiling system_nrf52810.c...
".\_build\nrf52810_xxaa.axf" - 4 Error(s), 7 Warning(s).

<h2>Software Packages used:</h2>

Package Vendor: ARM
                http://www.keil.com/pack/ARM.CMSIS.4.5.0.pack
                ARM::CMSIS:CORE:4.3.0
                CMSIS (Cortex Microcontroller Software Interface Standard)
   * Component: CORE Version: 4.3.0

Package Vendor: NordicSemiconductor
                http://developer.nordicsemi.com/nRF5_SDK/pieces/nRF_DeviceFamilyPack/NordicSemiconductor.nRF_DeviceFamilyPack.8.16.0.pack
                NordicSemiconductor::Device:Startup:8.16.0
                Nordic Semiconductor nRF ARM devices Device Family Pack.
   * Component: Startup Version: 8.16.0

<h2>Collection of Component include folders:</h2>
  .\RTE\_nrf52810_xxaa
  C:\Keil_v5\ARM\PACK\ARM\CMSIS\4.5.0\CMSIS\Include
  C:\Keil_v5\ARM\PACK\NordicSemiconductor\nRF_DeviceFamilyPack\8.16.0\Device\Include
  C:\Keil_v5\ARM\PACK\NordicSemiconductor\nRF_DeviceFamilyPack\8.17.0\Device\Include

<h2>Collection of Component Files used:</h2>

   * Component: ARM::CMSIS:CORE:4.3.0

   * Component: NordicSemiconductor::Device:Startup:8.16.0
      Source file:   Device\Source\system_nrf52810.c
      Include file:  Device\Include\system_nrf52810.h
      Source file:   Device\Source\arm\arm_startup_nrf52810.s
Target not created.
Build Time Elapsed:  00:00:07
</pre>
</body>
</html>
